12:43:58 **** Build of configuration Debug for project uartAxi ****
make -k all 
make -C /home/osboxes/timesys/zedboard/kernel-source/linux-4.4 SUBDIRS=/home/osboxes/Desktop/ensc351_proj/Part6_TimeStorm5_3_4-workspace/uartAxi/Debug modules
make[1]: Entering directory '/home/osboxes/timesys/zedboard/kernel-source/linux-4.4'
make[2]: Entering directory '/home/osboxes/timesys/zedboard-output/kernel-output'
  CC [M]  /home/osboxes/Desktop/ensc351_proj/Part6_TimeStorm5_3_4-workspace/uartAxi/Debug/main.o
In file included from /home/osboxes/Desktop/ensc351_proj/Part6_TimeStorm5_3_4-workspace/uartAxi/Debug/main.c:14:0:
/home/osboxes/Desktop/ensc351_proj/Part6_TimeStorm5_3_4-workspace/uartAxi/Debug/main.c: In function 'uart_tasklet_func':
/home/osboxes/timesys/zedboard/kernel-source/linux-4.4/include/linux/kfifo.h:550:1: warning: ignoring return value of '__kfifo_uint_must_check_helper', declared with attribute warn_unused_result [-Wunused-result]
 __kfifo_uint_must_check_helper( \
 ^
/home/osboxes/Desktop/ensc351_proj/Part6_TimeStorm5_3_4-workspace/uartAxi/Debug/main.c:185:10: note: in expansion of macro 'kfifo_out'
          kfifo_out(&uart->out_fifo, &data_out, sizeof(data_out));
          ^
  LD [M]  /home/osboxes/Desktop/ensc351_proj/Part6_TimeStorm5_3_4-workspace/uartAxi/Debug/uartAxi.o
  Building modules, stage 2.
  MODPOST 1 modules
  CC      /home/osboxes/Desktop/ensc351_proj/Part6_TimeStorm5_3_4-workspace/uartAxi/Debug/uartAxi.mod.o
  LD [M]  /home/osboxes/Desktop/ensc351_proj/Part6_TimeStorm5_3_4-workspace/uartAxi/Debug/uartAxi.ko
make[2]: Leaving directory '/home/osboxes/timesys/zedboard-output/kernel-output'
make[1]: Leaving directory '/home/osboxes/timesys/zedboard/kernel-source/linux-4.4'
 

12:43:59 Build Finished (took 1s.807ms)

