Finished building: ../SenderSS.cpp
 
Building file: ../SenderX.cpp
Invoking: GCC C++ Compiler
g++ -std=c++1y -I"/home/osboxes/Desktop/ensc351_proj/Part5/Ensc351" -O0 -g3 -Wall -c -fmessage-length=0 -MMD -MP -MF"SenderX.d" -MT"SenderX.o" -o "SenderX.o" "../SenderX.cpp"
Finished building: ../SenderX.cpp
 
Building file: ../myIO.cpp
Invoking: GCC C++ Compiler
g++ -std=c++1y -I"/home/osboxes/Desktop/ensc351_proj/Part5/Ensc351" -O0 -g3 -Wall -c -fmessage-length=0 -MMD -MP -MF"myIO.d" -MT"myIO.o" -o "myIO.o" "../myIO.cpp"
Finished building: ../myIO.cpp
 
Building file: ../terminal.cc
Invoking: GCC C++ Compiler
g++ -std=c++1y -I"/home/osboxes/Desktop/ensc351_proj/Part5/Ensc351" -O0 -g3 -Wall -c -fmessage-length=0 -MMD -MP -MF"terminal.d" -MT"terminal.o" -o "terminal.o" "../terminal.cc"
Finished building: ../terminal.cc
 
Building target: libEnsc351xmodLib.a
Invoking: GCC Archiver
ar -r  "libEnsc351xmodLib.a"  ./PeerX.o ./ReceiverSS.o ./ReceiverX.o ./SenderSS.o ./SenderX.o ./myIO.o ./terminal.o   
ar: creating libEnsc351xmodLib.a
Finished building target: libEnsc351xmodLib.a
 
17:20:10 **** Incremental Build of configuration Debug for project Ensc351 ****
make all 
make: Nothing to be done for 'all'.
17:20:10 **** Incremental Build of configuration Debug for project Ensc351xmodLib ****
make all 
make: Nothing to be done for 'all'.
17:20:11 **** Build of configuration Debug for project Ensc351Part5 ****
make all 
Building file: ../src/Kvm.cpp
Invoking: GCC C++ Compiler
g++ -std=c++1y -I"/home/osboxes/Desktop/ensc351_proj/Part5/Ensc351xmodLib" -I"/home/osboxes/Desktop/ensc351_proj/Part5/Ensc351" -O0 -g3 -Wall -c -fmessage-length=0 -Wno-unused-variable -Wno-unknown-pragmas -pthread -MMD -MP -MF"src/Kvm.d" -MT"src/Kvm.o" -o "src/Kvm.o" "../src/Kvm.cpp"
Finished building: ../src/Kvm.cpp
 
Building file: ../src/Medium.cpp
Invoking: GCC C++ Compiler
g++ -std=c++1y -I"/home/osboxes/Desktop/ensc351_proj/Part5/Ensc351xmodLib" -I"/home/osboxes/Desktop/ensc351_proj/Part5/Ensc351" -O0 -g3 -Wall -c -fmessage-length=0 -Wno-unused-variable -Wno-unknown-pragmas -pthread -MMD -MP -MF"src/Medium.d" -MT"src/Medium.o" -o "src/Medium.o" "../src/Medium.cpp"
Finished building: ../src/Medium.cpp
 
Building file: ../src/main3B.cpp
Invoking: GCC C++ Compiler
g++ -std=c++1y -I"/home/osboxes/Desktop/ensc351_proj/Part5/Ensc351xmodLib" -I"/home/osboxes/Desktop/ensc351_proj/Part5/Ensc351" -O0 -g3 -Wall -c -fmessage-length=0 -Wno-unused-variable -Wno-unknown-pragmas -pthread -MMD -MP -MF"src/main3B.d" -MT"src/main3B.o" -o "src/main3B.o" "../src/main3B.cpp"
Finished building: ../src/main3B.cpp
 
Building target: Ensc351Part5
Invoking: GCC C++ Linker
g++ -L"/home/osboxes/Desktop/ensc351_proj/Part5/Ensc351xmodLib/Debug" -L"/home/osboxes/Desktop/ensc351_proj/Part5/Ensc351/Debug" -pthread -o "Ensc351Part5"  ./src/Kvm.o ./src/Medium.o ./src/main3B.o   -lEnsc351xmodLib -lEnsc351
Finished building target: Ensc351Part5
 
17:20:31 **** Incremental Build of configuration Debug for project Ensc351 ****
make all 
make: Nothing to be done for 'all'.
17:20:31 **** Incremental Build of configuration Debug for project Ensc351xmodLib ****
make all 
make: Nothing to be done for 'all'.
17:20:31 **** Incremental Build of configuration Debug for project Ensc351Part5 ****
make all 
make: Nothing to be done for 'all'.
